<?xml version="1.0" encoding="UTF-8"?>
<testsuite name="uk.ac.leedsbeckett.finance.model.InvoiceModelAssemblerTest" tests="10" skipped="0" failures="0" errors="0" timestamp="2025-03-18T14:06:32" hostname="CAMJNEW" time="0.094">
  <properties/>
  <testcase name="testToModel_withValidPaidInvoice_ReturnsExpectedEntityModel()" classname="uk.ac.leedsbeckett.finance.model.InvoiceModelAssemblerTest" time="0.007"/>
  <testcase name="testToModel_withNoDueDate_ThrowsException()" classname="uk.ac.leedsbeckett.finance.model.InvoiceModelAssemblerTest" time="0.006"/>
  <testcase name="testToModel_withIdZero_ThrowsException()" classname="uk.ac.leedsbeckett.finance.model.InvoiceModelAssemblerTest" time="0.006"/>
  <testcase name="testToModel_withValidOutstandingInvoice_ReturnsExpectedEntityModel()" classname="uk.ac.leedsbeckett.finance.model.InvoiceModelAssemblerTest" time="0.01"/>
  <testcase name="testToModel_withNullArgument_ThrowsException()" classname="uk.ac.leedsbeckett.finance.model.InvoiceModelAssemblerTest" time="0.016"/>
  <testcase name="testToModel_withReferenceEmpty_ThrowsException()" classname="uk.ac.leedsbeckett.finance.model.InvoiceModelAssemblerTest" time="0.007"/>
  <testcase name="testToModel_withValidCancelledInvoice_ReturnsExpectedEntityModel()" classname="uk.ac.leedsbeckett.finance.model.InvoiceModelAssemblerTest" time="0.009"/>
  <testcase name="testToModel_withIdNull_ThrowsException()" classname="uk.ac.leedsbeckett.finance.model.InvoiceModelAssemblerTest" time="0.007"/>
  <testcase name="testToModel_withNoAmount_ThrowsException()" classname="uk.ac.leedsbeckett.finance.model.InvoiceModelAssemblerTest" time="0.007"/>
  <testcase name="testToModel_withReferenceNull_ThrowsException()" classname="uk.ac.leedsbeckett.finance.model.InvoiceModelAssemblerTest" time="0.007"/>
  <system-out><![CDATA[2025-03-18 14:06:32.718  INFO 27904 --- [    Test worker] .b.t.c.SpringBootTestContextBootstrapper : Neither @ContextConfiguration nor @ContextHierarchy found for test class [uk.ac.leedsbeckett.finance.model.InvoiceModelAssemblerTest], using SpringBootContextLoader
2025-03-18 14:06:32.719  INFO 27904 --- [    Test worker] o.s.t.c.support.AbstractContextLoader    : Could not detect default resource locations for test class [uk.ac.leedsbeckett.finance.model.InvoiceModelAssemblerTest]: no resource found for suffixes {-context.xml, Context.groovy}.
2025-03-18 14:06:32.720  INFO 27904 --- [    Test worker] t.c.s.AnnotationConfigContextLoaderUtils : Could not detect default configuration classes for test class [uk.ac.leedsbeckett.finance.model.InvoiceModelAssemblerTest]: InvoiceModelAssemblerTest does not declare any static, non-private, non-final, nested classes annotated with @Configuration.
2025-03-18 14:06:32.721  INFO 27904 --- [    Test worker] .b.t.c.SpringBootTestContextBootstrapper : Found @SpringBootConfiguration uk.ac.leedsbeckett.finance.FinanceApplication for test class uk.ac.leedsbeckett.finance.model.InvoiceModelAssemblerTest
2025-03-18 14:06:32.723  INFO 27904 --- [    Test worker] .b.t.c.SpringBootTestContextBootstrapper : Loaded default TestExecutionListener class names from location [META-INF/spring.factories]: [org.springframework.boot.test.autoconfigure.restdocs.RestDocsTestExecutionListener, org.springframework.boot.test.autoconfigure.web.client.MockRestServiceServerResetTestExecutionListener, org.springframework.boot.test.autoconfigure.web.servlet.MockMvcPrintOnlyOnFailureTestExecutionListener, org.springframework.boot.test.autoconfigure.web.servlet.WebDriverTestExecutionListener, org.springframework.boot.test.autoconfigure.webservices.client.MockWebServiceServerTestExecutionListener, org.springframework.boot.test.mock.mockito.MockitoTestExecutionListener, org.springframework.boot.test.mock.mockito.ResetMocksTestExecutionListener, org.springframework.test.context.web.ServletTestExecutionListener, org.springframework.test.context.support.DirtiesContextBeforeModesTestExecutionListener, org.springframework.test.context.event.ApplicationEventsTestExecutionListener, org.springframework.test.context.support.DependencyInjectionTestExecutionListener, org.springframework.test.context.support.DirtiesContextTestExecutionListener, org.springframework.test.context.transaction.TransactionalTestExecutionListener, org.springframework.test.context.jdbc.SqlScriptsTestExecutionListener, org.springframework.test.context.event.EventPublishingTestExecutionListener]
2025-03-18 14:06:32.723  INFO 27904 --- [    Test worker] .b.t.c.SpringBootTestContextBootstrapper : Using TestExecutionListeners: [org.springframework.test.context.web.ServletTestExecutionListener@6d7a6abf, org.springframework.test.context.support.DirtiesContextBeforeModesTestExecutionListener@752daa1f, org.springframework.test.context.event.ApplicationEventsTestExecutionListener@62a1bc26, org.springframework.boot.test.mock.mockito.MockitoTestExecutionListener@1bff70a6, org.springframework.boot.test.autoconfigure.SpringBootDependencyInjectionTestExecutionListener@256edef4, org.springframework.test.context.support.DirtiesContextTestExecutionListener@3d8bf514, org.springframework.test.context.transaction.TransactionalTestExecutionListener@52a42e0f, org.springframework.test.context.jdbc.SqlScriptsTestExecutionListener@32be0ebd, org.springframework.test.context.event.EventPublishingTestExecutionListener@6174ff60, org.springframework.boot.test.autoconfigure.restdocs.RestDocsTestExecutionListener@3b5950f, org.springframework.boot.test.autoconfigure.web.client.MockRestServiceServerResetTestExecutionListener@70921720, org.springframework.boot.test.autoconfigure.web.servlet.MockMvcPrintOnlyOnFailureTestExecutionListener@321b2469, org.springframework.boot.test.autoconfigure.web.servlet.WebDriverTestExecutionListener@74d242b5, org.springframework.boot.test.autoconfigure.webservices.client.MockWebServiceServerTestExecutionListener@5b60accd, org.springframework.boot.test.mock.mockito.ResetMocksTestExecutionListener@3b2b9b96]
]]></system-out>
  <system-err><![CDATA[]]></system-err>
</testsuite>
