<?xml version="1.0" encoding="UTF-8"?>
<testsuite name="uk.ac.leedsbeckett.finance.service.AccountServiceTest" tests="10" skipped="0" failures="0" errors="0" timestamp="2025-03-18T14:06:34" hostname="CAMJNEW" time="0.191">
  <properties/>
  <testcase name="testDeleteAccount_withValidId_deletesAccount()" classname="uk.ac.leedsbeckett.finance.service.AccountServiceTest" time="0.08"/>
  <testcase name="testCreateNewAccount_withValidData_createsAccount()" classname="uk.ac.leedsbeckett.finance.service.AccountServiceTest" time="0.01"/>
  <testcase name="testGetAccountById_withNullID_throwsException()" classname="uk.ac.leedsbeckett.finance.service.AccountServiceTest" time="0.005"/>
  <testcase name="testGetAccountByStudentId_withNullID_throwsException()" classname="uk.ac.leedsbeckett.finance.service.AccountServiceTest" time="0.006"/>
  <testcase name="testGetAccountByStudentId_withValidID_ReturnsExistingAccount()" classname="uk.ac.leedsbeckett.finance.service.AccountServiceTest" time="0.041"/>
  <testcase name="testGetAccountById_withValidID_ReturnsExistingAccount()" classname="uk.ac.leedsbeckett.finance.service.AccountServiceTest" time="0.009"/>
  <testcase name="testGetAllAccounts_returnsExistingAccounts()" classname="uk.ac.leedsbeckett.finance.service.AccountServiceTest" time="0.009"/>
  <testcase name="testGetAccountById_withInValidID_throwsException()" classname="uk.ac.leedsbeckett.finance.service.AccountServiceTest" time="0.008"/>
  <testcase name="testGetAccountByStudentId_withInValidID_throwsException()" classname="uk.ac.leedsbeckett.finance.service.AccountServiceTest" time="0.006"/>
  <testcase name="testGetAccountByStudentId_withEmptyID_throwsException()" classname="uk.ac.leedsbeckett.finance.service.AccountServiceTest" time="0.009"/>
  <system-out><![CDATA[2025-03-18 14:06:32.835  INFO 27904 --- [    Test worker] .b.t.c.SpringBootTestContextBootstrapper : Neither @ContextConfiguration nor @ContextHierarchy found for test class [uk.ac.leedsbeckett.finance.service.AccountServiceTest], using SpringBootContextLoader
2025-03-18 14:06:32.837  INFO 27904 --- [    Test worker] o.s.t.c.support.AbstractContextLoader    : Could not detect default resource locations for test class [uk.ac.leedsbeckett.finance.service.AccountServiceTest]: no resource found for suffixes {-context.xml, Context.groovy}.
2025-03-18 14:06:32.837  INFO 27904 --- [    Test worker] t.c.s.AnnotationConfigContextLoaderUtils : Could not detect default configuration classes for test class [uk.ac.leedsbeckett.finance.service.AccountServiceTest]: AccountServiceTest does not declare any static, non-private, non-final, nested classes annotated with @Configuration.
2025-03-18 14:06:32.858  INFO 27904 --- [    Test worker] .b.t.c.SpringBootTestContextBootstrapper : Found @SpringBootConfiguration uk.ac.leedsbeckett.finance.FinanceApplication for test class uk.ac.leedsbeckett.finance.service.AccountServiceTest
2025-03-18 14:06:32.862  INFO 27904 --- [    Test worker] .b.t.c.SpringBootTestContextBootstrapper : Loaded default TestExecutionListener class names from location [META-INF/spring.factories]: [org.springframework.boot.test.autoconfigure.restdocs.RestDocsTestExecutionListener, org.springframework.boot.test.autoconfigure.web.client.MockRestServiceServerResetTestExecutionListener, org.springframework.boot.test.autoconfigure.web.servlet.MockMvcPrintOnlyOnFailureTestExecutionListener, org.springframework.boot.test.autoconfigure.web.servlet.WebDriverTestExecutionListener, org.springframework.boot.test.autoconfigure.webservices.client.MockWebServiceServerTestExecutionListener, org.springframework.boot.test.mock.mockito.MockitoTestExecutionListener, org.springframework.boot.test.mock.mockito.ResetMocksTestExecutionListener, org.springframework.test.context.web.ServletTestExecutionListener, org.springframework.test.context.support.DirtiesContextBeforeModesTestExecutionListener, org.springframework.test.context.event.ApplicationEventsTestExecutionListener, org.springframework.test.context.support.DependencyInjectionTestExecutionListener, org.springframework.test.context.support.DirtiesContextTestExecutionListener, org.springframework.test.context.transaction.TransactionalTestExecutionListener, org.springframework.test.context.jdbc.SqlScriptsTestExecutionListener, org.springframework.test.context.event.EventPublishingTestExecutionListener]
2025-03-18 14:06:32.863  INFO 27904 --- [    Test worker] .b.t.c.SpringBootTestContextBootstrapper : Using TestExecutionListeners: [org.springframework.test.context.web.ServletTestExecutionListener@1de618b3, org.springframework.test.context.support.DirtiesContextBeforeModesTestExecutionListener@3473e1bb, org.springframework.test.context.event.ApplicationEventsTestExecutionListener@4a115c4c, org.springframework.boot.test.mock.mockito.MockitoTestExecutionListener@55feda3f, org.springframework.boot.test.autoconfigure.SpringBootDependencyInjectionTestExecutionListener@787073b3, org.springframework.test.context.support.DirtiesContextTestExecutionListener@53a52b3f, org.springframework.test.context.transaction.TransactionalTestExecutionListener@1396ee3b, org.springframework.test.context.jdbc.SqlScriptsTestExecutionListener@301af154, org.springframework.test.context.event.EventPublishingTestExecutionListener@4b8cf10f, org.springframework.boot.test.autoconfigure.restdocs.RestDocsTestExecutionListener@310ad792, org.springframework.boot.test.autoconfigure.web.client.MockRestServiceServerResetTestExecutionListener@15c900be, org.springframework.boot.test.autoconfigure.web.servlet.MockMvcPrintOnlyOnFailureTestExecutionListener@72bec302, org.springframework.boot.test.autoconfigure.web.servlet.WebDriverTestExecutionListener@5e9650d3, org.springframework.boot.test.autoconfigure.webservices.client.MockWebServiceServerTestExecutionListener@3947bad4, org.springframework.boot.test.mock.mockito.ResetMocksTestExecutionListener@64d691b2]

  .   ____          _            __ _ _
 /\\ / ___'_ __ _ _(_)_ __  __ _ \ \ \ \
( ( )\___ | '_ | '_| | '_ \/ _` | \ \ \ \
 \\/  ___)| |_)| | | | | || (_| |  ) ) ) )
  '  |____| .__|_| |_|_| |_\__, | / / / /
 =========|_|==============|___/=/_/_/_/
 :: Spring Boot ::                (v2.6.1)

2025-03-18 14:06:32.924  INFO 27904 --- [    Test worker] u.a.l.f.service.AccountServiceTest       : Starting AccountServiceTest using Java 17.0.14 on CamjNew with PID 27904 (started by athen in C:\Users\athen\Documents\Labs\SESC\Assesment Project\finance-master)
2025-03-18 14:06:32.925  INFO 27904 --- [    Test worker] u.a.l.f.service.AccountServiceTest       : The following profiles are active: test
2025-03-18 14:06:33.223  INFO 27904 --- [    Test worker] .s.d.r.c.RepositoryConfigurationDelegate : Bootstrapping Spring Data JPA repositories in DEFAULT mode.
2025-03-18 14:06:33.251  INFO 27904 --- [    Test worker] .s.d.r.c.RepositoryConfigurationDelegate : Finished Spring Data repository scanning in 27 ms. Found 2 JPA repository interfaces.
2025-03-18 14:06:33.878  INFO 27904 --- [    Test worker] o.hibernate.jpa.internal.util.LogHelper  : HHH000204: Processing PersistenceUnitInfo [name: default]
2025-03-18 14:06:33.893  INFO 27904 --- [    Test worker] com.zaxxer.hikari.HikariDataSource       : HikariPool-4 - Starting...
2025-03-18 14:06:33.895  INFO 27904 --- [    Test worker] com.zaxxer.hikari.HikariDataSource       : HikariPool-4 - Start completed.
2025-03-18 14:06:33.895  INFO 27904 --- [    Test worker] org.hibernate.dialect.Dialect            : HHH000400: Using dialect: org.hibernate.dialect.H2Dialect
2025-03-18 14:06:33.973  INFO 27904 --- [    Test worker] o.h.e.t.j.p.i.JtaPlatformInitiator       : HHH000490: Using JtaPlatform implementation: [org.hibernate.engine.transaction.jta.platform.internal.NoJtaPlatform]
2025-03-18 14:06:33.973  INFO 27904 --- [    Test worker] j.LocalContainerEntityManagerFactoryBean : Initialized JPA EntityManagerFactory for persistence unit 'default'
2025-03-18 14:06:34.223  WARN 27904 --- [    Test worker] JpaBaseConfiguration$JpaWebConfiguration : spring.jpa.open-in-view is enabled by default. Therefore, database queries may be performed during view rendering. Explicitly configure spring.jpa.open-in-view to disable this warning
2025-03-18 14:06:34.781  INFO 27904 --- [    Test worker] u.a.l.f.service.AccountServiceTest       : Started AccountServiceTest in 1.903 seconds (JVM running for 32.335)
]]></system-out>
  <system-err><![CDATA[]]></system-err>
</testsuite>
