<?xml version="1.0" encoding="UTF-8"?>
<testsuite name="uk.ac.leedsbeckett.finance.model.AccountModelAssemblerTest" tests="4" skipped="0" failures="0" errors="0" timestamp="2025-03-18T14:06:32" hostname="CAMJNEW" time="0.179">
  <properties/>
  <testcase name="testToModel_withIdZero_ThrowsException()" classname="uk.ac.leedsbeckett.finance.model.AccountModelAssemblerTest" time="0.017"/>
  <testcase name="testToModel_withNullArgument_ThrowsException()" classname="uk.ac.leedsbeckett.finance.model.AccountModelAssemblerTest" time="0.01"/>
  <testcase name="testToModel_withIdNull_ThrowsException()" classname="uk.ac.leedsbeckett.finance.model.AccountModelAssemblerTest" time="0.005"/>
  <testcase name="testToModel_withValidAccount_ReturnsExpectedEntityModel()" classname="uk.ac.leedsbeckett.finance.model.AccountModelAssemblerTest" time="0.144"/>
  <system-out><![CDATA[2025-03-18 14:06:30.569  INFO 27904 --- [    Test worker] .b.t.c.SpringBootTestContextBootstrapper : Neither @ContextConfiguration nor @ContextHierarchy found for test class [uk.ac.leedsbeckett.finance.model.AccountModelAssemblerTest], using SpringBootContextLoader
2025-03-18 14:06:30.570  INFO 27904 --- [    Test worker] o.s.t.c.support.AbstractContextLoader    : Could not detect default resource locations for test class [uk.ac.leedsbeckett.finance.model.AccountModelAssemblerTest]: no resource found for suffixes {-context.xml, Context.groovy}.
2025-03-18 14:06:30.570  INFO 27904 --- [    Test worker] t.c.s.AnnotationConfigContextLoaderUtils : Could not detect default configuration classes for test class [uk.ac.leedsbeckett.finance.model.AccountModelAssemblerTest]: AccountModelAssemblerTest does not declare any static, non-private, non-final, nested classes annotated with @Configuration.
2025-03-18 14:06:30.577  INFO 27904 --- [    Test worker] .b.t.c.SpringBootTestContextBootstrapper : Found @SpringBootConfiguration uk.ac.leedsbeckett.finance.FinanceApplication for test class uk.ac.leedsbeckett.finance.model.AccountModelAssemblerTest
2025-03-18 14:06:30.579  INFO 27904 --- [    Test worker] .b.t.c.SpringBootTestContextBootstrapper : Loaded default TestExecutionListener class names from location [META-INF/spring.factories]: [org.springframework.boot.test.autoconfigure.restdocs.RestDocsTestExecutionListener, org.springframework.boot.test.autoconfigure.web.client.MockRestServiceServerResetTestExecutionListener, org.springframework.boot.test.autoconfigure.web.servlet.MockMvcPrintOnlyOnFailureTestExecutionListener, org.springframework.boot.test.autoconfigure.web.servlet.WebDriverTestExecutionListener, org.springframework.boot.test.autoconfigure.webservices.client.MockWebServiceServerTestExecutionListener, org.springframework.boot.test.mock.mockito.MockitoTestExecutionListener, org.springframework.boot.test.mock.mockito.ResetMocksTestExecutionListener, org.springframework.test.context.web.ServletTestExecutionListener, org.springframework.test.context.support.DirtiesContextBeforeModesTestExecutionListener, org.springframework.test.context.event.ApplicationEventsTestExecutionListener, org.springframework.test.context.support.DependencyInjectionTestExecutionListener, org.springframework.test.context.support.DirtiesContextTestExecutionListener, org.springframework.test.context.transaction.TransactionalTestExecutionListener, org.springframework.test.context.jdbc.SqlScriptsTestExecutionListener, org.springframework.test.context.event.EventPublishingTestExecutionListener]
2025-03-18 14:06:30.580  INFO 27904 --- [    Test worker] .b.t.c.SpringBootTestContextBootstrapper : Using TestExecutionListeners: [org.springframework.test.context.web.ServletTestExecutionListener@9640678, org.springframework.test.context.support.DirtiesContextBeforeModesTestExecutionListener@2bd2fa2c, org.springframework.test.context.event.ApplicationEventsTestExecutionListener@356c8fa9, org.springframework.boot.test.mock.mockito.MockitoTestExecutionListener@67e42fd6, org.springframework.boot.test.autoconfigure.SpringBootDependencyInjectionTestExecutionListener@4e9ab294, org.springframework.test.context.support.DirtiesContextTestExecutionListener@72a522f1, org.springframework.test.context.transaction.TransactionalTestExecutionListener@2365facb, org.springframework.test.context.jdbc.SqlScriptsTestExecutionListener@65b9ebee, org.springframework.test.context.event.EventPublishingTestExecutionListener@7e2cebdf, org.springframework.boot.test.autoconfigure.restdocs.RestDocsTestExecutionListener@25c5fc41, org.springframework.boot.test.autoconfigure.web.client.MockRestServiceServerResetTestExecutionListener@29fae990, org.springframework.boot.test.autoconfigure.web.servlet.MockMvcPrintOnlyOnFailureTestExecutionListener@33681da, org.springframework.boot.test.autoconfigure.web.servlet.WebDriverTestExecutionListener@1a5df070, org.springframework.boot.test.autoconfigure.webservices.client.MockWebServiceServerTestExecutionListener@1070308e, org.springframework.boot.test.mock.mockito.ResetMocksTestExecutionListener@6eb8fd79]

  .   ____          _            __ _ _
 /\\ / ___'_ __ _ _(_)_ __  __ _ \ \ \ \
( ( )\___ | '_ | '_| | '_ \/ _` | \ \ \ \
 \\/  ___)| |_)| | | | | || (_| |  ) ) ) )
  '  |____| .__|_| |_|_| |_\__, | / / / /
 =========|_|==============|___/=/_/_/_/
 :: Spring Boot ::                (v2.6.1)

2025-03-18 14:06:30.622  INFO 27904 --- [    Test worker] u.a.l.f.model.AccountModelAssemblerTest  : Starting AccountModelAssemblerTest using Java 17.0.14 on CamjNew with PID 27904 (started by athen in C:\Users\athen\Documents\Labs\SESC\Assesment Project\finance-master)
2025-03-18 14:06:30.623  INFO 27904 --- [    Test worker] u.a.l.f.model.AccountModelAssemblerTest  : The following profiles are active: test
2025-03-18 14:06:31.045  INFO 27904 --- [    Test worker] .s.d.r.c.RepositoryConfigurationDelegate : Bootstrapping Spring Data JPA repositories in DEFAULT mode.
2025-03-18 14:06:31.082  INFO 27904 --- [    Test worker] .s.d.r.c.RepositoryConfigurationDelegate : Finished Spring Data repository scanning in 35 ms. Found 2 JPA repository interfaces.
2025-03-18 14:06:31.365  INFO 27904 --- [    Test worker] o.hibernate.jpa.internal.util.LogHelper  : HHH000204: Processing PersistenceUnitInfo [name: default]
2025-03-18 14:06:31.377  INFO 27904 --- [    Test worker] com.zaxxer.hikari.HikariDataSource       : HikariPool-3 - Starting...
2025-03-18 14:06:31.378  INFO 27904 --- [    Test worker] com.zaxxer.hikari.HikariDataSource       : HikariPool-3 - Start completed.
2025-03-18 14:06:31.379  INFO 27904 --- [    Test worker] org.hibernate.dialect.Dialect            : HHH000400: Using dialect: org.hibernate.dialect.H2Dialect
2025-03-18 14:06:31.435  INFO 27904 --- [    Test worker] o.h.e.t.j.p.i.JtaPlatformInitiator       : HHH000490: Using JtaPlatform implementation: [org.hibernate.engine.transaction.jta.platform.internal.NoJtaPlatform]
2025-03-18 14:06:31.435  INFO 27904 --- [    Test worker] j.LocalContainerEntityManagerFactoryBean : Initialized JPA EntityManagerFactory for persistence unit 'default'
2025-03-18 14:06:31.789  WARN 27904 --- [    Test worker] JpaBaseConfiguration$JpaWebConfiguration : spring.jpa.open-in-view is enabled by default. Therefore, database queries may be performed during view rendering. Explicitly configure spring.jpa.open-in-view to disable this warning
2025-03-18 14:06:32.531  INFO 27904 --- [    Test worker] u.a.l.f.model.AccountModelAssemblerTest  : Started AccountModelAssemblerTest in 1.947 seconds (JVM running for 30.085)
]]></system-out>
  <system-err><![CDATA[]]></system-err>
</testsuite>
