<?xml version="1.0" encoding="UTF-8"?>
<testsuite name="uk.ac.leedsbeckett.finance.service.InvoiceServiceTest" tests="23" skipped="0" failures="0" errors="0" timestamp="2025-03-18T14:06:36" hostname="CAMJNEW" time="0.152">
  <properties/>
  <testcase name="testFindInvoiceThroughPortal_withNullReference_throwsException()" classname="uk.ac.leedsbeckett.finance.service.InvoiceServiceTest" time="0.006"/>
  <testcase name="testShowPortal_returnsCorrectPage()" classname="uk.ac.leedsbeckett.finance.service.InvoiceServiceTest" time="0.004"/>
  <testcase name="testGetInvoiceByReference_withInValidReference_throwsException()" classname="uk.ac.leedsbeckett.finance.service.InvoiceServiceTest" time="0.008"/>
  <testcase name="testCreateNewInvoice_withValidData_createsInvoice()" classname="uk.ac.leedsbeckett.finance.service.InvoiceServiceTest" time="0.008"/>
  <testcase name="testPayInvoice_withValidId_paysInvoice()" classname="uk.ac.leedsbeckett.finance.service.InvoiceServiceTest" time="0.008"/>
  <testcase name="testPayInvoiceThroughPortal_withNullInvoice_throwsException()" classname="uk.ac.leedsbeckett.finance.service.InvoiceServiceTest" time="0.003"/>
  <testcase name="testPayInvoiceThroughPortal_withNullReference_throwsException()" classname="uk.ac.leedsbeckett.finance.service.InvoiceServiceTest" time="0.004"/>
  <testcase name="testFindInvoiceThroughPortal_withValidationErrors_showsPortalAgain()" classname="uk.ac.leedsbeckett.finance.service.InvoiceServiceTest" time="0.005"/>
  <testcase name="testFindInvoiceThroughPortal_withNullInvoice_throwsException()" classname="uk.ac.leedsbeckett.finance.service.InvoiceServiceTest" time="0.004"/>
  <testcase name="testGetInvoiceById_withNullID_throwsException()" classname="uk.ac.leedsbeckett.finance.service.InvoiceServiceTest" time="0.005"/>
  <testcase name="testGetInvoiceById_withValidID_returnsExistingInvoice()" classname="uk.ac.leedsbeckett.finance.service.InvoiceServiceTest" time="0.004"/>
  <testcase name="testCancelInvoice_withValidId_cancelsInvoice()" classname="uk.ac.leedsbeckett.finance.service.InvoiceServiceTest" time="0.005"/>
  <testcase name="testGetAllInvoices_returnsExistingInvoices()" classname="uk.ac.leedsbeckett.finance.service.InvoiceServiceTest" time="0.008"/>
  <testcase name="testGetInvoiceByReference_withNullReference_throwsException()" classname="uk.ac.leedsbeckett.finance.service.InvoiceServiceTest" time="0.005"/>
  <testcase name="testFindInvoiceThroughPortal_withIncorrectReference_throwsException()" classname="uk.ac.leedsbeckett.finance.service.InvoiceServiceTest" time="0.004"/>
  <testcase name="testProcessPayment_withStatusCancelled_throwsUnsupportedOperationException()" classname="uk.ac.leedsbeckett.finance.service.InvoiceServiceTest" time="0.005"/>
  <testcase name="testProcessPayment_withStatusPaid_throwsUnsupportedOperationException()" classname="uk.ac.leedsbeckett.finance.service.InvoiceServiceTest" time="0.005"/>
  <testcase name="testProcessPayment_withStatusOutstanding_updatesInvoice()" classname="uk.ac.leedsbeckett.finance.service.InvoiceServiceTest" time="0.006"/>
  <testcase name="testGetInvoiceByReference_withValidReference_returnsExistingInvoice()" classname="uk.ac.leedsbeckett.finance.service.InvoiceServiceTest" time="0.004"/>
  <testcase name="testPayInvoiceThroughPortal_withCorrectReference_paysInvoice()" classname="uk.ac.leedsbeckett.finance.service.InvoiceServiceTest" time="0.009"/>
  <testcase name="testPayInvoiceThroughPortal_withIncorrectReference_throwsException()" classname="uk.ac.leedsbeckett.finance.service.InvoiceServiceTest" time="0.005"/>
  <testcase name="testFindInvoiceThroughPortal_withCorrectReference_findsInvoice()" classname="uk.ac.leedsbeckett.finance.service.InvoiceServiceTest" time="0.009"/>
  <testcase name="testGetInvoiceById_withInValidID_throwsException()" classname="uk.ac.leedsbeckett.finance.service.InvoiceServiceTest" time="0.005"/>
  <system-out><![CDATA[2025-03-18 14:06:34.980  INFO 27904 --- [    Test worker] .b.t.c.SpringBootTestContextBootstrapper : Neither @ContextConfiguration nor @ContextHierarchy found for test class [uk.ac.leedsbeckett.finance.service.InvoiceServiceTest], using SpringBootContextLoader
2025-03-18 14:06:34.981  INFO 27904 --- [    Test worker] o.s.t.c.support.AbstractContextLoader    : Could not detect default resource locations for test class [uk.ac.leedsbeckett.finance.service.InvoiceServiceTest]: no resource found for suffixes {-context.xml, Context.groovy}.
2025-03-18 14:06:34.981  INFO 27904 --- [    Test worker] t.c.s.AnnotationConfigContextLoaderUtils : Could not detect default configuration classes for test class [uk.ac.leedsbeckett.finance.service.InvoiceServiceTest]: InvoiceServiceTest does not declare any static, non-private, non-final, nested classes annotated with @Configuration.
2025-03-18 14:06:34.983  INFO 27904 --- [    Test worker] .b.t.c.SpringBootTestContextBootstrapper : Found @SpringBootConfiguration uk.ac.leedsbeckett.finance.FinanceApplication for test class uk.ac.leedsbeckett.finance.service.InvoiceServiceTest
2025-03-18 14:06:34.985  INFO 27904 --- [    Test worker] .b.t.c.SpringBootTestContextBootstrapper : Loaded default TestExecutionListener class names from location [META-INF/spring.factories]: [org.springframework.boot.test.autoconfigure.restdocs.RestDocsTestExecutionListener, org.springframework.boot.test.autoconfigure.web.client.MockRestServiceServerResetTestExecutionListener, org.springframework.boot.test.autoconfigure.web.servlet.MockMvcPrintOnlyOnFailureTestExecutionListener, org.springframework.boot.test.autoconfigure.web.servlet.WebDriverTestExecutionListener, org.springframework.boot.test.autoconfigure.webservices.client.MockWebServiceServerTestExecutionListener, org.springframework.boot.test.mock.mockito.MockitoTestExecutionListener, org.springframework.boot.test.mock.mockito.ResetMocksTestExecutionListener, org.springframework.test.context.web.ServletTestExecutionListener, org.springframework.test.context.support.DirtiesContextBeforeModesTestExecutionListener, org.springframework.test.context.event.ApplicationEventsTestExecutionListener, org.springframework.test.context.support.DependencyInjectionTestExecutionListener, org.springframework.test.context.support.DirtiesContextTestExecutionListener, org.springframework.test.context.transaction.TransactionalTestExecutionListener, org.springframework.test.context.jdbc.SqlScriptsTestExecutionListener, org.springframework.test.context.event.EventPublishingTestExecutionListener]
2025-03-18 14:06:34.985  INFO 27904 --- [    Test worker] .b.t.c.SpringBootTestContextBootstrapper : Using TestExecutionListeners: [org.springframework.test.context.web.ServletTestExecutionListener@2b4a0be0, org.springframework.test.context.support.DirtiesContextBeforeModesTestExecutionListener@72d44be3, org.springframework.test.context.event.ApplicationEventsTestExecutionListener@4047ca4d, org.springframework.boot.test.mock.mockito.MockitoTestExecutionListener@1fa67a80, org.springframework.boot.test.autoconfigure.SpringBootDependencyInjectionTestExecutionListener@6448679f, org.springframework.test.context.support.DirtiesContextTestExecutionListener@3413a3a6, org.springframework.test.context.transaction.TransactionalTestExecutionListener@4a7812cb, org.springframework.test.context.jdbc.SqlScriptsTestExecutionListener@6626137e, org.springframework.test.context.event.EventPublishingTestExecutionListener@41f5f4ba, org.springframework.boot.test.autoconfigure.restdocs.RestDocsTestExecutionListener@685271b1, org.springframework.boot.test.autoconfigure.web.client.MockRestServiceServerResetTestExecutionListener@6236d83a, org.springframework.boot.test.autoconfigure.web.servlet.MockMvcPrintOnlyOnFailureTestExecutionListener@34dd9ae1, org.springframework.boot.test.autoconfigure.web.servlet.WebDriverTestExecutionListener@5ae3f8e4, org.springframework.boot.test.autoconfigure.webservices.client.MockWebServiceServerTestExecutionListener@21c7c5f0, org.springframework.boot.test.mock.mockito.ResetMocksTestExecutionListener@75643efa]

  .   ____          _            __ _ _
 /\\ / ___'_ __ _ _(_)_ __  __ _ \ \ \ \
( ( )\___ | '_ | '_| | '_ \/ _` | \ \ \ \
 \\/  ___)| |_)| | | | | || (_| |  ) ) ) )
  '  |____| .__|_| |_|_| |_\__, | / / / /
 =========|_|==============|___/=/_/_/_/
 :: Spring Boot ::                (v2.6.1)

2025-03-18 14:06:35.021  INFO 27904 --- [    Test worker] u.a.l.f.service.InvoiceServiceTest       : Starting InvoiceServiceTest using Java 17.0.14 on CamjNew with PID 27904 (started by athen in C:\Users\athen\Documents\Labs\SESC\Assesment Project\finance-master)
2025-03-18 14:06:35.021  INFO 27904 --- [    Test worker] u.a.l.f.service.InvoiceServiceTest       : The following profiles are active: test
2025-03-18 14:06:35.178  INFO 27904 --- [    Test worker] .s.d.r.c.RepositoryConfigurationDelegate : Bootstrapping Spring Data JPA repositories in DEFAULT mode.
2025-03-18 14:06:35.196  INFO 27904 --- [    Test worker] .s.d.r.c.RepositoryConfigurationDelegate : Finished Spring Data repository scanning in 17 ms. Found 2 JPA repository interfaces.
2025-03-18 14:06:35.494  INFO 27904 --- [    Test worker] o.hibernate.jpa.internal.util.LogHelper  : HHH000204: Processing PersistenceUnitInfo [name: default]
2025-03-18 14:06:35.500  INFO 27904 --- [    Test worker] com.zaxxer.hikari.HikariDataSource       : HikariPool-5 - Starting...
2025-03-18 14:06:35.502  INFO 27904 --- [    Test worker] com.zaxxer.hikari.HikariDataSource       : HikariPool-5 - Start completed.
2025-03-18 14:06:35.502  INFO 27904 --- [    Test worker] org.hibernate.dialect.Dialect            : HHH000400: Using dialect: org.hibernate.dialect.H2Dialect
2025-03-18 14:06:35.553  INFO 27904 --- [    Test worker] o.h.e.t.j.p.i.JtaPlatformInitiator       : HHH000490: Using JtaPlatform implementation: [org.hibernate.engine.transaction.jta.platform.internal.NoJtaPlatform]
2025-03-18 14:06:35.553  INFO 27904 --- [    Test worker] j.LocalContainerEntityManagerFactoryBean : Initialized JPA EntityManagerFactory for persistence unit 'default'
2025-03-18 14:06:35.709  WARN 27904 --- [    Test worker] JpaBaseConfiguration$JpaWebConfiguration : spring.jpa.open-in-view is enabled by default. Therefore, database queries may be performed during view rendering. Explicitly configure spring.jpa.open-in-view to disable this warning
2025-03-18 14:06:36.051  INFO 27904 --- [    Test worker] u.a.l.f.service.InvoiceServiceTest       : Started InvoiceServiceTest in 1.063 seconds (JVM running for 33.604)
]]></system-out>
  <system-err><![CDATA[]]></system-err>
</testsuite>
