<?xml version="1.0" encoding="UTF-8"?>
<testsuite name="uk.ac.leedsbeckett.finance.controller.InvoiceControllerIntegrationTest" tests="16" skipped="0" failures="0" errors="0" timestamp="2025-03-18T14:06:24" hostname="CAMJNEW" time="1.171">
  <properties/>
  <testcase name="a_givenInvoice_whenGetAccountById_thenStatus200()" classname="uk.ac.leedsbeckett.finance.controller.InvoiceControllerIntegrationTest" time="0.287"/>
  <testcase name="givenCancelledInvoice_whenPay_thenStatus405()" classname="uk.ac.leedsbeckett.finance.controller.InvoiceControllerIntegrationTest" time="0.08"/>
  <testcase name="givenInvoice_whenDelete_thenStatus200_andInvoiceCancelled()" classname="uk.ac.leedsbeckett.finance.controller.InvoiceControllerIntegrationTest" time="0.076"/>
  <testcase name="givenInvoice_whenGetInvoiceByReference_thenStatus200()" classname="uk.ac.leedsbeckett.finance.controller.InvoiceControllerIntegrationTest" time="0.062"/>
  <testcase name="givenInvoices_whenGetInvoices_thenStatus200()" classname="uk.ac.leedsbeckett.finance.controller.InvoiceControllerIntegrationTest" time="0.065"/>
  <testcase name="givenNoInvoice_whenDelete_thenStatus404()" classname="uk.ac.leedsbeckett.finance.controller.InvoiceControllerIntegrationTest" time="0.056"/>
  <testcase name="givenNoInvoice_whenGetInvoiceById_thenStatus404()" classname="uk.ac.leedsbeckett.finance.controller.InvoiceControllerIntegrationTest" time="0.052"/>
  <testcase name="givenNoInvoice_whenGetInvoiceByReference_thenStatus404()" classname="uk.ac.leedsbeckett.finance.controller.InvoiceControllerIntegrationTest" time="0.027"/>
  <testcase name="givenNoInvoice_whenPay_thenStatus405()" classname="uk.ac.leedsbeckett.finance.controller.InvoiceControllerIntegrationTest" time="0.03"/>
  <testcase name="givenNoInvoice_whenPostNewInvoice_thenStatus201()" classname="uk.ac.leedsbeckett.finance.controller.InvoiceControllerIntegrationTest" time="0.14"/>
  <testcase name="givenNoInvoices_whenGetInvoices_thenStatus200_andLinkToSelf()" classname="uk.ac.leedsbeckett.finance.controller.InvoiceControllerIntegrationTest" time="0.046"/>
  <testcase name="givenOutstandingInvoice_whenPay_thenStatus200_andInvoicePaid()" classname="uk.ac.leedsbeckett.finance.controller.InvoiceControllerIntegrationTest" time="0.045"/>
  <testcase name="givenPaidInvoice_whenPay_thenStatus405()" classname="uk.ac.leedsbeckett.finance.controller.InvoiceControllerIntegrationTest" time="0.05"/>
  <testcase name="whenPostNewInvoice_withEmptyAccountValue_thenStatus422()" classname="uk.ac.leedsbeckett.finance.controller.InvoiceControllerIntegrationTest" time="0.033"/>
  <testcase name="whenPostNewInvoice_withEmptyJson_thenStatus400()" classname="uk.ac.leedsbeckett.finance.controller.InvoiceControllerIntegrationTest" time="0.043"/>
  <testcase name="whenPostNewInvoice_withEmptyStudentIdValue_thenStatus422()" classname="uk.ac.leedsbeckett.finance.controller.InvoiceControllerIntegrationTest" time="0.046"/>
  <system-out><![CDATA[2025-03-18 14:06:22.076  INFO 27904 --- [    Test worker] .b.t.c.SpringBootTestContextBootstrapper : Neither @ContextConfiguration nor @ContextHierarchy found for test class [uk.ac.leedsbeckett.finance.controller.InvoiceControllerIntegrationTest], using SpringBootContextLoader
2025-03-18 14:06:22.081  INFO 27904 --- [    Test worker] o.s.t.c.support.AbstractContextLoader    : Could not detect default resource locations for test class [uk.ac.leedsbeckett.finance.controller.InvoiceControllerIntegrationTest]: no resource found for suffixes {-context.xml, Context.groovy}.
2025-03-18 14:06:22.082  INFO 27904 --- [    Test worker] t.c.s.AnnotationConfigContextLoaderUtils : Could not detect default configuration classes for test class [uk.ac.leedsbeckett.finance.controller.InvoiceControllerIntegrationTest]: InvoiceControllerIntegrationTest does not declare any static, non-private, non-final, nested classes annotated with @Configuration.
2025-03-18 14:06:22.090  INFO 27904 --- [    Test worker] .b.t.c.SpringBootTestContextBootstrapper : Found @SpringBootConfiguration uk.ac.leedsbeckett.finance.FinanceApplication for test class uk.ac.leedsbeckett.finance.controller.InvoiceControllerIntegrationTest
2025-03-18 14:06:22.094  INFO 27904 --- [    Test worker] .b.t.c.SpringBootTestContextBootstrapper : Loaded default TestExecutionListener class names from location [META-INF/spring.factories]: [org.springframework.boot.test.autoconfigure.restdocs.RestDocsTestExecutionListener, org.springframework.boot.test.autoconfigure.web.client.MockRestServiceServerResetTestExecutionListener, org.springframework.boot.test.autoconfigure.web.servlet.MockMvcPrintOnlyOnFailureTestExecutionListener, org.springframework.boot.test.autoconfigure.web.servlet.WebDriverTestExecutionListener, org.springframework.boot.test.autoconfigure.webservices.client.MockWebServiceServerTestExecutionListener, org.springframework.boot.test.mock.mockito.MockitoTestExecutionListener, org.springframework.boot.test.mock.mockito.ResetMocksTestExecutionListener, org.springframework.test.context.web.ServletTestExecutionListener, org.springframework.test.context.support.DirtiesContextBeforeModesTestExecutionListener, org.springframework.test.context.event.ApplicationEventsTestExecutionListener, org.springframework.test.context.support.DependencyInjectionTestExecutionListener, org.springframework.test.context.support.DirtiesContextTestExecutionListener, org.springframework.test.context.transaction.TransactionalTestExecutionListener, org.springframework.test.context.jdbc.SqlScriptsTestExecutionListener, org.springframework.test.context.event.EventPublishingTestExecutionListener]
2025-03-18 14:06:22.096  INFO 27904 --- [    Test worker] .b.t.c.SpringBootTestContextBootstrapper : Using TestExecutionListeners: [org.springframework.test.context.web.ServletTestExecutionListener@53791a39, org.springframework.test.context.support.DirtiesContextBeforeModesTestExecutionListener@57629340, org.springframework.test.context.event.ApplicationEventsTestExecutionListener@5292d417, org.springframework.boot.test.mock.mockito.MockitoTestExecutionListener@415c5469, org.springframework.boot.test.autoconfigure.SpringBootDependencyInjectionTestExecutionListener@5aef36a9, org.springframework.test.context.support.DirtiesContextTestExecutionListener@19544627, org.springframework.test.context.transaction.TransactionalTestExecutionListener@5da20b76, org.springframework.test.context.jdbc.SqlScriptsTestExecutionListener@7e7ee3b7, org.springframework.test.context.event.EventPublishingTestExecutionListener@5d87c8af, org.springframework.boot.test.autoconfigure.restdocs.RestDocsTestExecutionListener@66d9c846, org.springframework.boot.test.autoconfigure.web.client.MockRestServiceServerResetTestExecutionListener@2b6d9650, org.springframework.boot.test.autoconfigure.web.servlet.MockMvcPrintOnlyOnFailureTestExecutionListener@2287bbd1, org.springframework.boot.test.autoconfigure.web.servlet.WebDriverTestExecutionListener@41a6cd9e, org.springframework.boot.test.autoconfigure.webservices.client.MockWebServiceServerTestExecutionListener@6915b614, org.springframework.boot.test.mock.mockito.ResetMocksTestExecutionListener@2e0d6270]

  .   ____          _            __ _ _
 /\\ / ___'_ __ _ _(_)_ __  __ _ \ \ \ \
( ( )\___ | '_ | '_| | '_ \/ _` | \ \ \ \
 \\/  ___)| |_)| | | | | || (_| |  ) ) ) )
  '  |____| .__|_| |_|_| |_\__, | / / / /
 =========|_|==============|___/=/_/_/_/
 :: Spring Boot ::                (v2.6.1)

2025-03-18 14:06:22.145  INFO 27904 --- [    Test worker] a.l.f.c.InvoiceControllerIntegrationTest : Starting InvoiceControllerIntegrationTest using Java 17.0.14 on CamjNew with PID 27904 (started by athen in C:\Users\athen\Documents\Labs\SESC\Assesment Project\finance-master)
2025-03-18 14:06:22.145  INFO 27904 --- [    Test worker] a.l.f.c.InvoiceControllerIntegrationTest : The following profiles are active: test
2025-03-18 14:06:22.556  INFO 27904 --- [    Test worker] .s.d.r.c.RepositoryConfigurationDelegate : Bootstrapping Spring Data JPA repositories in DEFAULT mode.
2025-03-18 14:06:22.588  INFO 27904 --- [    Test worker] .s.d.r.c.RepositoryConfigurationDelegate : Finished Spring Data repository scanning in 31 ms. Found 2 JPA repository interfaces.
2025-03-18 14:06:22.645  INFO 27904 --- [    Test worker] beddedDataSourceBeanFactoryPostProcessor : Replacing 'dataSource' DataSource bean with embedded version
2025-03-18 14:06:22.828  INFO 27904 --- [    Test worker] o.s.j.d.e.EmbeddedDatabaseFactory        : Starting embedded database: url='jdbc:h2:mem:e4db09c2-e668-4a2e-b946-ad627adb0292;DB_CLOSE_DELAY=-1;DB_CLOSE_ON_EXIT=false', username='sa'
2025-03-18 14:06:22.929  INFO 27904 --- [    Test worker] o.hibernate.jpa.internal.util.LogHelper  : HHH000204: Processing PersistenceUnitInfo [name: default]
2025-03-18 14:06:22.945  INFO 27904 --- [    Test worker] org.hibernate.dialect.Dialect            : HHH000400: Using dialect: org.hibernate.dialect.H2Dialect
2025-03-18 14:06:23.021  INFO 27904 --- [    Test worker] o.h.e.t.j.p.i.JtaPlatformInitiator       : HHH000490: Using JtaPlatform implementation: [org.hibernate.engine.transaction.jta.platform.internal.NoJtaPlatform]
2025-03-18 14:06:23.021  INFO 27904 --- [    Test worker] j.LocalContainerEntityManagerFactoryBean : Initialized JPA EntityManagerFactory for persistence unit 'default'
2025-03-18 14:06:23.363  WARN 27904 --- [    Test worker] JpaBaseConfiguration$JpaWebConfiguration : spring.jpa.open-in-view is enabled by default. Therefore, database queries may be performed during view rendering. Explicitly configure spring.jpa.open-in-view to disable this warning
2025-03-18 14:06:24.342  INFO 27904 --- [    Test worker] o.s.b.t.m.w.SpringBootMockServletContext : Initializing Spring TestDispatcherServlet ''
2025-03-18 14:06:24.343  INFO 27904 --- [    Test worker] o.s.t.web.servlet.TestDispatcherServlet  : Initializing Servlet ''
2025-03-18 14:06:24.344  INFO 27904 --- [    Test worker] o.s.t.web.servlet.TestDispatcherServlet  : Completed initialization in 1 ms
2025-03-18 14:06:24.357  INFO 27904 --- [    Test worker] a.l.f.c.InvoiceControllerIntegrationTest : Started InvoiceControllerIntegrationTest in 2.257 seconds (JVM running for 21.911)
2025-03-18 14:06:25.107  WARN 27904 --- [    Test worker] .w.s.m.s.DefaultHandlerExceptionResolver : Resolved [org.springframework.web.HttpRequestMethodNotSupportedException: Request method 'DELETE' not supported]
2025-03-18 14:06:25.474  WARN 27904 --- [    Test worker] .w.s.m.s.DefaultHandlerExceptionResolver : Resolved [org.springframework.http.converter.HttpMessageNotReadableException: Required request body is missing: org.springframework.http.ResponseEntity<?> uk.ac.leedsbeckett.finance.controller.InvoiceController.newInvoice(uk.ac.leedsbeckett.finance.model.Invoice)]
2025-03-18 14:06:25.545  INFO 27904 --- [    Test worker] j.LocalContainerEntityManagerFactoryBean : Closing JPA EntityManagerFactory for persistence unit 'default'
2025-03-18 14:06:25.546  INFO 27904 --- [    Test worker] .SchemaDropperImpl$DelayedDropActionImpl : HHH000477: Starting delayed evictData of schema as part of SessionFactory shut-down'
]]></system-out>
  <system-err><![CDATA[]]></system-err>
</testsuite>
